0 info it worked if it ends with ok
1 verbose cli [ '/usr/bin/node', '/usr/bin/npm', 'publish' ]
2 info using npm@1.4.28
3 info using node@v0.10.40
4 verbose node symlink /usr/bin/node
5 verbose publish [ '.' ]
6 verbose cache add [ '.', null ]
7 verbose cache add name=undefined spec="." args=[".",null]
8 verbose parsed url { protocol: null,
8 verbose parsed url   slashes: null,
8 verbose parsed url   auth: null,
8 verbose parsed url   host: null,
8 verbose parsed url   port: null,
8 verbose parsed url   hostname: null,
8 verbose parsed url   hash: null,
8 verbose parsed url   search: null,
8 verbose parsed url   query: null,
8 verbose parsed url   pathname: '.',
8 verbose parsed url   path: '.',
8 verbose parsed url   href: '.' }
9 silly lockFile 3a52ce78- .
10 verbose lock . /home/farrukh/.npm/3a52ce78-.lock
11 verbose tar pack [ '/home/farrukh/.npm/fleet-test-api/1.0.0/package.tgz', '.' ]
12 verbose tarball /home/farrukh/.npm/fleet-test-api/1.0.0/package.tgz
13 verbose folder .
14 info prepublish fleet-test-api@1.0.0
15 silly lockFile 1f1177db-tar tar://.
16 verbose lock tar://. /home/farrukh/.npm/1f1177db-tar.lock
17 silly lockFile b02a9247-fleet-test-api-1-0-0-package-tgz tar:///home/farrukh/.npm/fleet-test-api/1.0.0/package.tgz
18 verbose lock tar:///home/farrukh/.npm/fleet-test-api/1.0.0/package.tgz /home/farrukh/.npm/b02a9247-fleet-test-api-1-0-0-package-tgz.lock
19 silly lockFile 1f1177db-tar tar://.
20 silly lockFile 1f1177db-tar tar://.
21 silly lockFile b02a9247-fleet-test-api-1-0-0-package-tgz tar:///home/farrukh/.npm/fleet-test-api/1.0.0/package.tgz
22 silly lockFile b02a9247-fleet-test-api-1-0-0-package-tgz tar:///home/farrukh/.npm/fleet-test-api/1.0.0/package.tgz
23 silly lockFile 7d94d785-npm-fleet-test-api-1-0-0-package /home/farrukh/.npm/fleet-test-api/1.0.0/package
24 verbose lock /home/farrukh/.npm/fleet-test-api/1.0.0/package /home/farrukh/.npm/7d94d785-npm-fleet-test-api-1-0-0-package.lock
25 silly lockFile 7d94d785-npm-fleet-test-api-1-0-0-package /home/farrukh/.npm/fleet-test-api/1.0.0/package
26 silly lockFile 7d94d785-npm-fleet-test-api-1-0-0-package /home/farrukh/.npm/fleet-test-api/1.0.0/package
27 silly lockFile 3a52ce78- .
28 silly lockFile 3a52ce78- .
29 silly publish { name: 'fleet-test-api',
29 silly publish   version: '1.0.0',
29 silly publish   description: 'Fleet Management Test API',
29 silly publish   main: 'app.js',
29 silly publish   devDependencies:
29 silly publish    { 'body-parser': '^1.13.2',
29 silly publish      express: '^4.13.1',
29 silly publish      'express-cors': '0.0.3',
29 silly publish      jade: '^1.11.0',
29 silly publish      jsonwebtoken: '^5.0.4',
29 silly publish      mysql: '^2.8.0',
29 silly publish      nodemon: '^1.4.0',
29 silly publish      mongoose: '^4.1.1',
29 silly publish      morgan: '^1.6.1' },
29 silly publish   dependencies: {},
29 silly publish   scripts: {},
29 silly publish   repository:
29 silly publish    { type: 'git',
29 silly publish      url: 'git+https://newmax_farrukh@bitbucket.org/newmax_farrukh/fleet-test-api.git' },
29 silly publish   keywords: [ 'fm' ],
29 silly publish   author: { name: 'Farrukh Mamatkhalilov' },
29 silly publish   license: 'ISC',
29 silly publish   homepage: 'https://texnoman.uz',
29 silly publish   gitHead: 'c832a0722e92d457671212c8d8f7a4c324a2fa53',
29 silly publish   readme: 'ERROR: No README data found!',
29 silly publish   _id: 'fleet-test-api@1.0.0',
29 silly publish   _shasum: '0c4faedeeac883c1a7e98fd08b8e0535930bc02c',
29 silly publish   _from: '.' }
30 error need auth auth and email required for publishing
30 error need auth You need to authorize this machine using `npm adduser`
31 error System Linux 3.19.0-25-generic
32 error command "/usr/bin/node" "/usr/bin/npm" "publish"
33 error cwd /media/farrukh/EE1E3C311E3BF167/project/fm-test-api/fleet-test-api
34 error node -v v0.10.40
35 error npm -v 1.4.28
36 error code ENEEDAUTH
37 verbose exit [ 1, true ]
